19:20:10: Creating resource group General
19:20:10: Creating resource group Internal
19:20:10: Creating resource group Autodetect
19:20:10: SceneManagerFactory for type 'DefaultSceneManager' registered.
19:20:10: Registering ResourceManager for type Material
19:20:10: Registering ResourceManager for type Mesh
19:20:10: Registering ResourceManager for type Skeleton
19:20:10: MovableObjectFactory for type 'ParticleSystem' registered.
19:20:10: OverlayElementFactory for type Panel registered.
19:20:10: OverlayElementFactory for type BorderPanel registered.
19:20:10: OverlayElementFactory for type TextArea registered.
19:20:10: Registering ResourceManager for type Font
19:20:10: ArchiveFactory for archive type FileSystem registered.
19:20:10: ArchiveFactory for archive type Zip registered.
19:20:10: DDS codec registering
19:20:10: FreeImage version: 3.10.0
19:20:10: This program uses FreeImage, a free, open source image library supporting all common bitmap formats. See http://freeimage.sourceforge.net for details
19:20:10: Supported formats: bmp,ico,jpg,jif,jpeg,jpe,jng,koa,iff,lbm,mng,pbm,pbm,pcd,pcx,pgm,pgm,png,ppm,ppm,ras,tga,targa,tif,tiff,wap,wbmp,wbm,psd,cut,xbm,xpm,gif,hdr,g3,sgi,exr,j2k,j2c,jp2
19:20:10: Registering ResourceManager for type HighLevelGpuProgram
19:20:10: Registering ResourceManager for type Compositor
19:20:10: MovableObjectFactory for type 'Entity' registered.
19:20:10: MovableObjectFactory for type 'Light' registered.
19:20:10: MovableObjectFactory for type 'BillboardSet' registered.
19:20:10: MovableObjectFactory for type 'ManualObject' registered.
19:20:10: MovableObjectFactory for type 'BillboardChain' registered.
19:20:10: MovableObjectFactory for type 'RibbonTrail' registered.
19:20:10: OGRE EXCEPTION(6:FileNotFoundException): 'plugins.cfg' file not found! in ConfigFile::load at /home/nigel/prog/ogre/OgreMain/src/OgreConfigFile.cpp (line 83)
19:20:10: plugins.cfg not found, automatic plugin loading disabled.
19:20:10: *-*-* OGRE Initialising
19:20:10: *-*-* Version 1.7.1 (Cthugha)
19:20:10: OGRE EXCEPTION(6:FileNotFoundException): 'ogre.cfg' file not found! in ConfigFile::load at /home/nigel/prog/ogre/OgreMain/src/OgreConfigFile.cpp (line 83)
19:20:10: OGRE EXCEPTION(6:FileNotFoundException): 'ogre.cfg' file not found! in ConfigFile::load at /home/nigel/prog/ogre/OgreMain/src/OgreConfigFile.cpp (line 83)
